<?xml version="1.0" encoding="UTF-8"?>
<!-- Generated by org.testng.reporters.JUnitXMLReporter -->
<testsuite hostname="LAPTOP-KUKH0008" ignored="0" name="Default test" tests="2" failures="0" timestamp="25 May 2020 01:32:58 GMT" time="6.64" errors="0">
  <testcase name="createAPayment" time="2.662" classname="com.paypalpayment.testcases.PaymentTestcases"/>
  <testcase name="getPaymentDetails" time="1.466" classname="com.paypalpayment.testcases.PaymentTestcases"/>
</testsuite> <!-- Default test -->
