<?xml version="1.0" encoding="UTF-8"?>
<testng-results skipped="0" failed="0" ignored="0" total="2" passed="2">
  <reporter-output>
  </reporter-output>
  <suite name="Default suite" duration-ms="6640" started-at="2020-05-25T01:32:51Z" finished-at="2020-05-25T01:32:58Z">
    <groups>
    </groups>
    <test name="Default test" duration-ms="6640" started-at="2020-05-25T01:32:51Z" finished-at="2020-05-25T01:32:58Z">
      <class name="com.paypalpayment.testcases.PaymentTestcases">
        <test-method status="PASS" signature="setup()[pri:0, instance:com.paypalpayment.testcases.PaymentTestcases@6b419da]" name="setup" is-config="true" duration-ms="2488" started-at="2020-05-25T01:32:51Z" finished-at="2020-05-25T01:32:54Z">
          <reporter-output>
          </reporter-output>
        </test-method> <!-- setup -->
        <test-method status="PASS" signature="createAPayment()[pri:0, instance:com.paypalpayment.testcases.PaymentTestcases@6b419da]" name="createAPayment" duration-ms="2662" started-at="2020-05-25T01:32:54Z" finished-at="2020-05-25T01:32:56Z">
          <reporter-output>
          </reporter-output>
        </test-method> <!-- createAPayment -->
        <test-method status="PASS" signature="getPaymentDetails()[pri:0, instance:com.paypalpayment.testcases.PaymentTestcases@6b419da]" name="getPaymentDetails" duration-ms="1466" started-at="2020-05-25T01:32:56Z" finished-at="2020-05-25T01:32:58Z">
          <reporter-output>
          </reporter-output>
        </test-method> <!-- getPaymentDetails -->
      </class> <!-- com.paypalpayment.testcases.PaymentTestcases -->
    </test> <!-- Default test -->
  </suite> <!-- Default suite -->
</testng-results>
